# JRE version: OpenJDK Runtime Environment Temurin-21.0.10+7 (21.0.10+7) (build 21.0.10+7-LTS)
# Java VM: OpenJDK 64-Bit Server VM Temurin-21.0.10+7 (21.0.10+7-LTS, mixed mode, sharing, tiered, compressed oops, compressed class ptrs, parallel gc, windows-amd64)
GC Precious Log:
 CardTable entry size: 512
 CPUs: 8 total, 8 available
 Memory: 7926M
 Large Page Support: Disabled
 NUMA Support: Disabled
 Compressed Oops: Enabled (32-bit)
 Alignments: Space 512K, Generation 512K, Heap 2M
 Heap Min Capacity: 100M
 Heap Initial Capacity: 100M
 Heap Max Capacity: 2G
 Pre-touch: Disabled
 Parallel Workers: 8
Heap:
 PSYoungGen      total 20992K, used 20515K [0x00000000d5580000, 0x00000000d6f00000, 0x0000000100000000)
  eden space 19968K, 97% used [0x00000000d5580000,0x00000000d68907b0,0x00000000d6900000)
  from space 1024K, 97% used [0x00000000d6900000,0x00000000d69f86b8,0x00000000d6a00000)
  to   space 3072K, 0% used [0x00000000d6c00000,0x00000000d6c00000,0x00000000d6f00000)
 ParOldGen       total 68608K, used 31274K [0x0000000080000000, 0x0000000084300000, 0x00000000d5580000)
  object space 68608K, 45% used [0x0000000080000000,0x0000000081e8ab00,0x0000000084300000)
 Metaspace       used 43078K, committed 44160K, reserved 1114112K
  class space    used 4316K, committed 4800K, reserved 1048576K
GC Heap History (20 events):
Event: 21.705 GC heap before
{Heap before GC invocations=16 (full 1):
 PSYoungGen      total 22528K, used 22500K [0x00000000d5580000, 0x00000000d7400000, 0x0000000100000000)
  eden space 20480K, 100% used [0x00000000d5580000,0x00000000d6980000,0x00000000d6980000)
  from space 2048K, 98% used [0x00000000d6e00000,0x00000000d6ff9000,0x00000000d7000000)
  to   space 4608K, 0% used [0x00000000d6980000,0x00000000d6980000,0x00000000d6e00000)
 ParOldGen       total 68608K, used 22476K [0x0000000080000000, 0x0000000084300000, 0x00000000d5580000)
  object space 68608K, 32% used [0x0000000080000000,0x00000000815f3198,0x0000000084300000)
 Metaspace       used 32548K, committed 33600K, reserved 1114112K
  class space    used 3295K, committed 3776K, reserved 1048576K
}
Event: 21.711 GC heap after
{Heap after GC invocations=16 (full 1):
 PSYoungGen      total 23040K, used 2176K [0x00000000d5580000, 0x00000000d6f80000, 0x0000000100000000)
  eden space 20480K, 0% used [0x00000000d5580000,0x00000000d5580000,0x00000000d6980000)
  from space 2560K, 85% used [0x00000000d6980000,0x00000000d6ba0010,0x00000000d6c00000)
  to   space 3072K, 0% used [0x00000000d6c80000,0x00000000d6c80000,0x00000000d6f80000)
 ParOldGen       total 68608K, used 24468K [0x0000000080000000, 0x0000000084300000, 0x00000000d5580000)
  object space 68608K, 35% used [0x0000000080000000,0x00000000817e5210,0x0000000084300000)
 Metaspace       used 32548K, committed 33600K, reserved 1114112K
  class space    used 3295K, committed 3776K, reserved 1048576K
}
Event: 21.785 GC heap before
{Heap before GC invocations=17 (full 1):
 PSYoungGen      total 23040K, used 22656K [0x00000000d5580000, 0x00000000d6f80000, 0x0000000100000000)
  eden space 20480K, 100% used [0x00000000d5580000,0x00000000d6980000,0x00000000d6980000)
  from space 2560K, 85% used [0x00000000d6980000,0x00000000d6ba0010,0x00000000d6c00000)
  to   space 3072K, 0% used [0x00000000d6c80000,0x00000000d6c80000,0x00000000d6f80000)
 ParOldGen       total 68608K, used 24468K [0x0000000080000000, 0x0000000084300000, 0x00000000d5580000)
  object space 68608K, 35% used [0x0000000080000000,0x00000000817e5210,0x0000000084300000)
 Metaspace       used 32616K, committed 33664K, reserved 1114112K
  class space    used 3295K, committed 3776K, reserved 1048576K
}
Event: 21.790 GC heap after
{Heap after GC invocations=17 (full 1):
 PSYoungGen      total 22528K, used 1848K [0x00000000d5580000, 0x00000000d6e80000, 0x0000000100000000)
  eden space 20480K, 0% used [0x00000000d5580000,0x00000000d5580000,0x00000000d6980000)
  from space 2048K, 90% used [0x00000000d6c80000,0x00000000d6e4e200,0x00000000d6e80000)
  to   space 2560K, 0% used [0x00000000d6980000,0x00000000d6980000,0x00000000d6c00000)
 ParOldGen       total 68608K, used 26524K [0x0000000080000000, 0x0000000084300000, 0x00000000d5580000)
  object space 68608K, 38% used [0x0000000080000000,0x00000000819e7220,0x0000000084300000)
 Metaspace       used 32616K, committed 33664K, reserved 1114112K
  class space    used 3295K, committed 3776K, reserved 1048576K
}
Event: 22.159 GC heap before
{Heap before GC invocations=18 (full 1):
 PSYoungGen      total 22528K, used 22319K [0x00000000d5580000, 0x00000000d6e80000, 0x0000000100000000)
  eden space 20480K, 99% used [0x00000000d5580000,0x00000000d697daf8,0x00000000d6980000)
  from space 2048K, 90% used [0x00000000d6c80000,0x00000000d6e4e200,0x00000000d6e80000)
  to   space 2560K, 0% used [0x00000000d6980000,0x00000000d6980000,0x00000000d6c00000)
 ParOldGen       total 68608K, used 26524K [0x0000000080000000, 0x0000000084300000, 0x00000000d5580000)
  object space 68608K, 38% used [0x0000000080000000,0x00000000819e7220,0x0000000084300000)
 Metaspace       used 34195K, committed 35200K, reserved 1114112K
  class space    used 3501K, committed 3968K, reserved 1048576K
}
Event: 22.163 GC heap after
{Heap after GC invocations=18 (full 1):
 PSYoungGen      total 22016K, used 1368K [0x00000000d5580000, 0x00000000d6d80000, 0x0000000100000000)
  eden space 20480K, 0% used [0x00000000d5580000,0x00000000d5580000,0x00000000d6980000)
  from space 1536K, 89% used [0x00000000d6980000,0x00000000d6ad6350,0x00000000d6b00000)
  to   space 2048K, 0% used [0x00000000d6b80000,0x00000000d6b80000,0x00000000d6d80000)
 ParOldGen       total 68608K, used 28269K [0x0000000080000000, 0x0000000084300000, 0x00000000d5580000)
  object space 68608K, 41% used [0x0000000080000000,0x0000000081b9b420,0x0000000084300000)
 Metaspace       used 34195K, committed 35200K, reserved 1114112K
  class space    used 3501K, committed 3968K, reserved 1048576K
}
Event: 22.236 GC heap before
{Heap before GC invocations=19 (full 1):
 PSYoungGen      total 22016K, used 4023K [0x00000000d5580000, 0x00000000d6d80000, 0x0000000100000000)
  eden space 20480K, 12% used [0x00000000d5580000,0x00000000d5817b08,0x00000000d6980000)
  from space 1536K, 89% used [0x00000000d6980000,0x00000000d6ad6350,0x00000000d6b00000)
  to   space 2048K, 0% used [0x00000000d6b80000,0x00000000d6b80000,0x00000000d6d80000)
 ParOldGen       total 68608K, used 28269K [0x0000000080000000, 0x0000000084300000, 0x00000000d5580000)
  object space 68608K, 41% used [0x0000000080000000,0x0000000081b9b420,0x0000000084300000)
 Metaspace       used 34876K, committed 35840K, reserved 1114112K
  class space    used 3536K, committed 3968K, reserved 1048576K
}
Event: 22.238 GC heap after
{Heap after GC invocations=19 (full 1):
 PSYoungGen      total 20992K, used 256K [0x00000000d5580000, 0x00000000d6c00000, 0x0000000100000000)
  eden space 20480K, 0% used [0x00000000d5580000,0x00000000d5580000,0x00000000d6980000)
  from space 512K, 50% used [0x00000000d6b80000,0x00000000d6bc0010,0x00000000d6c00000)
  to   space 1024K, 0% used [0x00000000d6a00000,0x00000000d6a00000,0x00000000d6b00000)
 ParOldGen       total 68608K, used 29553K [0x0000000080000000, 0x0000000084300000, 0x00000000d5580000)
  object space 68608K, 43% used [0x0000000080000000,0x0000000081cdc7d0,0x0000000084300000)
 Metaspace       used 34876K, committed 35840K, reserved 1114112K
  class space    used 3536K, committed 3968K, reserved 1048576K
}
Event: 22.238 GC heap before
{Heap before GC invocations=20 (full 2):
 PSYoungGen      total 20992K, used 256K [0x00000000d5580000, 0x00000000d6c00000, 0x0000000100000000)
  eden space 20480K, 0% used [0x00000000d5580000,0x00000000d5580000,0x00000000d6980000)
  from space 512K, 50% used [0x00000000d6b80000,0x00000000d6bc0010,0x00000000d6c00000)
  to   space 1024K, 0% used [0x00000000d6a00000,0x00000000d6a00000,0x00000000d6b00000)
 ParOldGen       total 68608K, used 29553K [0x0000000080000000, 0x0000000084300000, 0x00000000d5580000)
  object space 68608K, 43% used [0x0000000080000000,0x0000000081cdc7d0,0x0000000084300000)
 Metaspace       used 34876K, committed 35840K, reserved 1114112K
  class space    used 3536K, committed 3968K, reserved 1048576K
}
Event: 22.297 GC heap after
{Heap after GC invocations=20 (full 2):
 PSYoungGen      total 20992K, used 0K [0x00000000d5580000, 0x00000000d6c00000, 0x0000000100000000)
  eden space 20480K, 0% used [0x00000000d5580000,0x00000000d5580000,0x00000000d6980000)
  from space 512K, 0% used [0x00000000d6b80000,0x00000000d6b80000,0x00000000d6c00000)
  to   space 1024K, 0% used [0x00000000d6a00000,0x00000000d6a00000,0x00000000d6b00000)
 ParOldGen       total 68608K, used 28134K [0x0000000080000000, 0x0000000084300000, 0x00000000d5580000)
  object space 68608K, 41% used [0x0000000080000000,0x0000000081b79840,0x0000000084300000)
 Metaspace       used 34825K, committed 35840K, reserved 1114112K
  class space    used 3521K, committed 3968K, reserved 1048576K
}
Event: 22.728 GC heap before
{Heap before GC invocations=21 (full 2):
 PSYoungGen      total 20992K, used 20480K [0x00000000d5580000, 0x00000000d6c00000, 0x0000000100000000)
  eden space 20480K, 100% used [0x00000000d5580000,0x00000000d6980000,0x00000000d6980000)
  from space 512K, 0% used [0x00000000d6b80000,0x00000000d6b80000,0x00000000d6c00000)
  to   space 1024K, 0% used [0x00000000d6a00000,0x00000000d6a00000,0x00000000d6b00000)
 ParOldGen       total 68608K, used 28134K [0x0000000080000000, 0x0000000084300000, 0x00000000d5580000)
  object space 68608K, 41% used [0x0000000080000000,0x0000000081b79840,0x0000000084300000)
 Metaspace       used 35702K, committed 36672K, reserved 1114112K
  class space    used 3644K, committed 4096K, reserved 1048576K
}
Event: 22.729 GC heap after
{Heap after GC invocations=21 (full 2):
 PSYoungGen      total 21504K, used 480K [0x00000000d5580000, 0x00000000d6c00000, 0x0000000100000000)
  eden space 20480K, 0% used [0x00000000d5580000,0x00000000d5580000,0x00000000d6980000)
  from space 1024K, 46% used [0x00000000d6a00000,0x00000000d6a78010,0x00000000d6b00000)
  to   space 1024K, 0% used [0x00000000d6b00000,0x00000000d6b00000,0x00000000d6c00000)
 ParOldGen       total 68608K, used 28142K [0x0000000080000000, 0x0000000084300000, 0x00000000d5580000)
  object space 68608K, 41% used [0x0000000080000000,0x0000000081b7b840,0x0000000084300000)
 Metaspace       used 35702K, committed 36672K, reserved 1114112K
  class space    used 3644K, committed 4096K, reserved 1048576K
}
Event: 23.024 GC heap before
{Heap before GC invocations=22 (full 2):
 PSYoungGen      total 21504K, used 20960K [0x00000000d5580000, 0x00000000d6c00000, 0x0000000100000000)
  eden space 20480K, 100% used [0x00000000d5580000,0x00000000d6980000,0x00000000d6980000)
  from space 1024K, 46% used [0x00000000d6a00000,0x00000000d6a78010,0x00000000d6b00000)
  to   space 1024K, 0% used [0x00000000d6b00000,0x00000000d6b00000,0x00000000d6c00000)
 ParOldGen       total 68608K, used 28142K [0x0000000080000000, 0x0000000084300000, 0x00000000d5580000)
  object space 68608K, 41% used [0x0000000080000000,0x0000000081b7b840,0x0000000084300000)
 Metaspace       used 36730K, committed 37696K, reserved 1114112K
  class space    used 3734K, committed 4160K, reserved 1048576K
}
Event: 23.025 GC heap after
{Heap after GC invocations=22 (full 2):
 PSYoungGen      total 20992K, used 1020K [0x00000000d5580000, 0x00000000d6d80000, 0x0000000100000000)
  eden space 19968K, 0% used [0x00000000d5580000,0x00000000d5580000,0x00000000d6900000)
  from space 1024K, 99% used [0x00000000d6b00000,0x00000000d6bff228,0x00000000d6c00000)
  to   space 2048K, 0% used [0x00000000d6900000,0x00000000d6900000,0x00000000d6b00000)
 ParOldGen       total 68608K, used 28583K [0x0000000080000000, 0x0000000084300000, 0x00000000d5580000)
  object space 68608K, 41% used [0x0000000080000000,0x0000000081be9e78,0x0000000084300000)
 Metaspace       used 36730K, committed 37696K, reserved 1114112K
  class space    used 3734K, committed 4160K, reserved 1048576K
}
Event: 23.110 GC heap before
{Heap before GC invocations=23 (full 2):
 PSYoungGen      total 20992K, used 20988K [0x00000000d5580000, 0x00000000d6d80000, 0x0000000100000000)
  eden space 19968K, 100% used [0x00000000d5580000,0x00000000d6900000,0x00000000d6900000)
  from space 1024K, 99% used [0x00000000d6b00000,0x00000000d6bff228,0x00000000d6c00000)
  to   space 2048K, 0% used [0x00000000d6900000,0x00000000d6900000,0x00000000d6b00000)
 ParOldGen       total 68608K, used 28583K [0x0000000080000000, 0x0000000084300000, 0x00000000d5580000)
  object space 68608K, 41% used [0x0000000080000000,0x0000000081be9e78,0x0000000084300000)
 Metaspace       used 36748K, committed 37696K, reserved 1114112K
  class space    used 3734K, committed 4160K, reserved 1048576K
}
Event: 23.112 GC heap after
{Heap after GC invocations=23 (full 2):
 PSYoungGen      total 20992K, used 905K [0x00000000d5580000, 0x00000000d6c00000, 0x0000000100000000)
  eden space 19968K, 0% used [0x00000000d5580000,0x00000000d5580000,0x00000000d6900000)
  from space 1024K, 88% used [0x00000000d6900000,0x00000000d69e2740,0x00000000d6a00000)
  to   space 1536K, 0% used [0x00000000d6a80000,0x00000000d6a80000,0x00000000d6c00000)
 ParOldGen       total 68608K, used 29221K [0x0000000080000000, 0x0000000084300000, 0x00000000d5580000)
  object space 68608K, 42% used [0x0000000080000000,0x0000000081c894c8,0x0000000084300000)
 Metaspace       used 36748K, committed 37696K, reserved 1114112K
  class space    used 3734K, committed 4160K, reserved 1048576K
}
Event: 23.525 GC heap before
{Heap before GC invocations=24 (full 2):
 PSYoungGen      total 20992K, used 20873K [0x00000000d5580000, 0x00000000d6c00000, 0x0000000100000000)
  eden space 19968K, 100% used [0x00000000d5580000,0x00000000d6900000,0x00000000d6900000)
  from space 1024K, 88% used [0x00000000d6900000,0x00000000d69e2740,0x00000000d6a00000)
  to   space 1536K, 0% used [0x00000000d6a80000,0x00000000d6a80000,0x00000000d6c00000)
 ParOldGen       total 68608K, used 29221K [0x0000000080000000, 0x0000000084300000, 0x00000000d5580000)
  object space 68608K, 42% used [0x0000000080000000,0x0000000081c894c8,0x0000000084300000)
 Metaspace       used 38991K, committed 39936K, reserved 1114112K
  class space    used 3949K, committed 4352K, reserved 1048576K
}
Event: 23.527 GC heap after
{Heap after GC invocations=24 (full 2):
 PSYoungGen      total 20992K, used 656K [0x00000000d5580000, 0x00000000d6b80000, 0x0000000100000000)
  eden space 19968K, 0% used [0x00000000d5580000,0x00000000d5580000,0x00000000d6900000)
  from space 1024K, 64% used [0x00000000d6a80000,0x00000000d6b24010,0x00000000d6b80000)
  to   space 1024K, 0% used [0x00000000d6900000,0x00000000d6900000,0x00000000d6a00000)
 ParOldGen       total 68608K, used 29637K [0x0000000080000000, 0x0000000084300000, 0x00000000d5580000)
  object space 68608K, 43% used [0x0000000080000000,0x0000000081cf14c8,0x0000000084300000)
 Metaspace       used 38991K, committed 39936K, reserved 1114112K
  class space    used 3949K, committed 4352K, reserved 1048576K
}
Event: 24.519 GC heap before
{Heap before GC invocations=25 (full 2):
 PSYoungGen      total 20992K, used 20624K [0x00000000d5580000, 0x00000000d6b80000, 0x0000000100000000)
  eden space 19968K, 100% used [0x00000000d5580000,0x00000000d6900000,0x00000000d6900000)
  from space 1024K, 64% used [0x00000000d6a80000,0x00000000d6b24010,0x00000000d6b80000)
  to   space 1024K, 0% used [0x00000000d6900000,0x00000000d6900000,0x00000000d6a00000)
 ParOldGen       total 68608K, used 29637K [0x0000000080000000, 0x0000000084300000, 0x00000000d5580000)
  object space 68608K, 43% used [0x0000000080000000,0x0000000081cf14c8,0x0000000084300000)
 Metaspace       used 41291K, committed 42240K, reserved 1114112K
  class space    used 4155K, committed 4608K, reserved 1048576K
}
Event: 24.525 GC heap after
{Heap after GC invocations=25 (full 2):
 PSYoungGen      total 20992K, used 993K [0x00000000d5580000, 0x00000000d6f00000, 0x0000000100000000)
  eden space 19968K, 0% used [0x00000000d5580000,0x00000000d5580000,0x00000000d6900000)
  from space 1024K, 97% used [0x00000000d6900000,0x00000000d69f86b8,0x00000000d6a00000)
  to   space 3072K, 0% used [0x00000000d6c00000,0x00000000d6c00000,0x00000000d6f00000)
 ParOldGen       total 68608K, used 31274K [0x0000000080000000, 0x0000000084300000, 0x00000000d5580000)
  object space 68608K, 45% used [0x0000000080000000,0x0000000081e8ab00,0x0000000084300000)
 Metaspace       used 41291K, committed 42240K, reserved 1114112K
  class space    used 4155K, committed 4608K, reserved 1048576K
}

