# JRE version: Java(TM) SE Runtime Environment (21.0.8+12) (build 21.0.8+12-LTS-250)
# Java VM: Java HotSpot(TM) 64-Bit Server VM (21.0.8+12-LTS-250, mixed mode, sharing, tiered, compressed oops, compressed class ptrs, g1 gc, windows-amd64)
GC Precious Log:
 CardTable entry size: 512
 Card Set container configuration: InlinePtr #cards 5 size 8 Array Of Cards #cards 12 size 40 Howl #buckets 4 coarsen threshold 1843 Howl Bitmap #cards 512 size 80 coarsen threshold 460 Card regions per heap region 1 cards per card region 2048
 CPUs: 8 total, 8 available
 Memory: 7926M
 Large Page Support: Disabled
 NUMA Support: Disabled
 Compressed Oops: Enabled (32-bit)
 Heap Region Size: 1M
 Heap Min Capacity: 8M
 Heap Initial Capacity: 124M
 Heap Max Capacity: 1982M
 Pre-touch: Disabled
 Parallel Workers: 8
 Concurrent Workers: 2
 Concurrent Refinement Workers: 8
 Periodic GC: Disabled
Heap:
 garbage-first heap   total 73728K, used 48256K [0x0000000084200000, 0x0000000100000000)
  region size 1024K, 9 young (9216K), 2 survivors (2048K)
 Metaspace       used 74956K, committed 75776K, reserved 1179648K
  class space    used 9869K, committed 10240K, reserved 1048576K
GC Heap History (20 events):
Event: 20.496 GC heap before
{Heap before GC invocations=16 (full 0):
 garbage-first heap   total 70656K, used 61035K [0x0000000084200000, 0x0000000100000000)
  region size 1024K, 34 young (34816K), 4 survivors (4096K)
 Metaspace       used 44852K, committed 45504K, reserved 1114112K
  class space    used 5650K, committed 5952K, reserved 1048576K
}
Event: 20.502 GC heap after
{Heap after GC invocations=17 (full 0):
 garbage-first heap   total 70656K, used 31898K [0x0000000084200000, 0x0000000100000000)
  region size 1024K, 4 young (4096K), 4 survivors (4096K)
 Metaspace       used 44852K, committed 45504K, reserved 1114112K
  class space    used 5650K, committed 5952K, reserved 1048576K
}
Event: 21.885 GC heap before
{Heap before GC invocations=17 (full 0):
 garbage-first heap   total 70656K, used 60570K [0x0000000084200000, 0x0000000100000000)
  region size 1024K, 33 young (33792K), 4 survivors (4096K)
 Metaspace       used 56591K, committed 57216K, reserved 1114112K
  class space    used 7155K, committed 7424K, reserved 1048576K
}
Event: 21.891 GC heap after
{Heap after GC invocations=18 (full 0):
 garbage-first heap   total 70656K, used 34513K [0x0000000084200000, 0x0000000100000000)
  region size 1024K, 5 young (5120K), 5 survivors (5120K)
 Metaspace       used 56591K, committed 57216K, reserved 1114112K
  class space    used 7155K, committed 7424K, reserved 1048576K
}
Event: 22.247 GC heap before
{Heap before GC invocations=18 (full 0):
 garbage-first heap   total 70656K, used 46801K [0x0000000084200000, 0x0000000100000000)
  region size 1024K, 19 young (19456K), 5 survivors (5120K)
 Metaspace       used 59548K, committed 60096K, reserved 1114112K
  class space    used 7547K, committed 7808K, reserved 1048576K
}
Event: 22.252 GC heap after
{Heap after GC invocations=19 (full 0):
 garbage-first heap   total 70656K, used 35760K [0x0000000084200000, 0x0000000100000000)
  region size 1024K, 2 young (2048K), 2 survivors (2048K)
 Metaspace       used 59548K, committed 60096K, reserved 1114112K
  class space    used 7547K, committed 7808K, reserved 1048576K
}
Event: 22.817 GC heap before
{Heap before GC invocations=20 (full 0):
 garbage-first heap   total 70656K, used 63408K [0x0000000084200000, 0x0000000100000000)
  region size 1024K, 29 young (29696K), 2 survivors (2048K)
 Metaspace       used 65103K, committed 65728K, reserved 1114112K
  class space    used 8365K, committed 8640K, reserved 1048576K
}
Event: 22.820 GC heap after
{Heap after GC invocations=21 (full 0):
 garbage-first heap   total 70656K, used 36085K [0x0000000084200000, 0x0000000100000000)
  region size 1024K, 2 young (2048K), 2 survivors (2048K)
 Metaspace       used 65103K, committed 65728K, reserved 1114112K
  class space    used 8365K, committed 8640K, reserved 1048576K
}
Event: 23.691 GC heap before
{Heap before GC invocations=21 (full 0):
 garbage-first heap   total 70656K, used 63733K [0x0000000084200000, 0x0000000100000000)
  region size 1024K, 29 young (29696K), 2 survivors (2048K)
 Metaspace       used 70965K, committed 71680K, reserved 1114112K
  class space    used 9302K, committed 9600K, reserved 1048576K
}
Event: 23.696 GC heap after
{Heap after GC invocations=22 (full 0):
 garbage-first heap   total 70656K, used 37329K [0x0000000084200000, 0x0000000100000000)
  region size 1024K, 4 young (4096K), 4 survivors (4096K)
 Metaspace       used 70965K, committed 71680K, reserved 1114112K
  class space    used 9302K, committed 9600K, reserved 1048576K
}
Event: 24.048 GC heap before
{Heap before GC invocations=22 (full 0):
 garbage-first heap   total 70656K, used 60881K [0x0000000084200000, 0x0000000100000000)
  region size 1024K, 27 young (27648K), 4 survivors (4096K)
 Metaspace       used 71664K, committed 72320K, reserved 1114112K
  class space    used 9356K, committed 9664K, reserved 1048576K
}
Event: 24.054 GC heap after
{Heap after GC invocations=23 (full 0):
 garbage-first heap   total 70656K, used 38844K [0x0000000084200000, 0x0000000100000000)
  region size 1024K, 4 young (4096K), 4 survivors (4096K)
 Metaspace       used 71664K, committed 72320K, reserved 1114112K
  class space    used 9356K, committed 9664K, reserved 1048576K
}
Event: 25.577 GC heap before
{Heap before GC invocations=24 (full 0):
 garbage-first heap   total 71680K, used 61372K [0x0000000084200000, 0x0000000100000000)
  region size 1024K, 26 young (26624K), 4 survivors (4096K)
 Metaspace       used 73201K, committed 73984K, reserved 1114112K
  class space    used 9597K, committed 9984K, reserved 1048576K
}
Event: 25.582 GC heap after
{Heap after GC invocations=25 (full 0):
 garbage-first heap   total 71680K, used 39896K [0x0000000084200000, 0x0000000100000000)
  region size 1024K, 3 young (3072K), 3 survivors (3072K)
 Metaspace       used 73201K, committed 73984K, reserved 1114112K
  class space    used 9597K, committed 9984K, reserved 1048576K
}
Event: 26.018 GC heap before
{Heap before GC invocations=25 (full 0):
 garbage-first heap   total 71680K, used 62424K [0x0000000084200000, 0x0000000100000000)
  region size 1024K, 26 young (26624K), 3 survivors (3072K)
 Metaspace       used 73697K, committed 74496K, reserved 1114112K
  class space    used 9668K, committed 10048K, reserved 1048576K
}
Event: 26.023 GC heap after
{Heap after GC invocations=26 (full 0):
 garbage-first heap   total 71680K, used 40301K [0x0000000084200000, 0x0000000100000000)
  region size 1024K, 2 young (2048K), 2 survivors (2048K)
 Metaspace       used 73697K, committed 74496K, reserved 1114112K
  class space    used 9668K, committed 10048K, reserved 1048576K
}
Event: 26.302 GC heap before
{Heap before GC invocations=26 (full 0):
 garbage-first heap   total 71680K, used 64877K [0x0000000084200000, 0x0000000100000000)
  region size 1024K, 26 young (26624K), 2 survivors (2048K)
 Metaspace       used 73908K, committed 74688K, reserved 1114112K
  class space    used 9699K, committed 10048K, reserved 1048576K
}
Event: 26.308 GC heap after
{Heap after GC invocations=27 (full 0):
 garbage-first heap   total 71680K, used 41325K [0x0000000084200000, 0x0000000100000000)
  region size 1024K, 3 young (3072K), 3 survivors (3072K)
 Metaspace       used 73908K, committed 74688K, reserved 1114112K
  class space    used 9699K, committed 10048K, reserved 1048576K
}
Event: 26.969 GC heap before
{Heap before GC invocations=28 (full 0):
 garbage-first heap   total 73728K, used 62829K [0x0000000084200000, 0x0000000100000000)
  region size 1024K, 24 young (24576K), 3 survivors (3072K)
 Metaspace       used 74874K, committed 75648K, reserved 1179648K
  class space    used 9860K, committed 10240K, reserved 1048576K
}
Event: 26.974 GC heap after
{Heap after GC invocations=29 (full 0):
 garbage-first heap   total 73728K, used 42112K [0x0000000084200000, 0x0000000100000000)
  region size 1024K, 2 young (2048K), 2 survivors (2048K)
 Metaspace       used 74874K, committed 75648K, reserved 1179648K
  class space    used 9860K, committed 10240K, reserved 1048576K
}

