# JRE version: OpenJDK Runtime Environment Temurin-21.0.10+7 (21.0.10+7) (build 21.0.10+7-LTS)
# Java VM: OpenJDK 64-Bit Server VM Temurin-21.0.10+7 (21.0.10+7-LTS, mixed mode, sharing, tiered, compressed oops, compressed class ptrs, parallel gc, windows-amd64)
GC Precious Log:
 CardTable entry size: 512
 CPUs: 8 total, 8 available
 Memory: 7926M
 Large Page Support: Disabled
 NUMA Support: Disabled
 Compressed Oops: Enabled (32-bit)
 Alignments: Space 512K, Generation 512K, Heap 2M
 Heap Min Capacity: 100M
 Heap Initial Capacity: 100M
 Heap Max Capacity: 2G
 Pre-touch: Disabled
 Parallel Workers: 8
Heap:
 PSYoungGen      total 1536K, used 894K [0x00000000d5580000, 0x00000000d5780000, 0x0000000100000000)
  eden space 1024K, 65% used [0x00000000d5580000,0x00000000d56282f8,0x00000000d5680000)
  from space 512K, 43% used [0x00000000d5700000,0x00000000d5738000,0x00000000d5780000)
  to   space 512K, 0% used [0x00000000d5680000,0x00000000d5680000,0x00000000d5700000)
 ParOldGen       total 344576K, used 89230K [0x0000000080000000, 0x0000000095080000, 0x00000000d5580000)
  object space 344576K, 25% used [0x0000000080000000,0x0000000085723b20,0x0000000095080000)
 Metaspace       used 62573K, committed 64000K, reserved 1114112K
  class space    used 6753K, committed 7360K, reserved 1048576K
GC Heap History (20 events):
Event: 71.318 GC heap before
{Heap before GC invocations=653 (full 3):
 PSYoungGen      total 2048K, used 1696K [0x00000000d5580000, 0x00000000d5880000, 0x0000000100000000)
  eden space 1024K, 100% used [0x00000000d5580000,0x00000000d5680000,0x00000000d5680000)
  from space 1024K, 65% used [0x00000000d5680000,0x00000000d5728000,0x00000000d5780000)
  to   space 1024K, 0% used [0x00000000d5780000,0x00000000d5780000,0x00000000d5880000)
 ParOldGen       total 344576K, used 74197K [0x0000000080000000, 0x0000000095080000, 0x00000000d5580000)
  object space 344576K, 21% used [0x0000000080000000,0x0000000084875760,0x0000000095080000)
 Metaspace       used 62222K, committed 63616K, reserved 1114112K
  class space    used 6712K, committed 7296K, reserved 1048576K
}
Event: 71.320 GC heap after
{Heap after GC invocations=653 (full 3):
 PSYoungGen      total 2048K, used 901K [0x00000000d5580000, 0x00000000d5880000, 0x0000000100000000)
  eden space 1024K, 0% used [0x00000000d5580000,0x00000000d5580000,0x00000000d5680000)
  from space 1024K, 88% used [0x00000000d5780000,0x00000000d58616a0,0x00000000d5880000)
  to   space 1024K, 0% used [0x00000000d5680000,0x00000000d5680000,0x00000000d5780000)
 ParOldGen       total 344576K, used 74756K [0x0000000080000000, 0x0000000095080000, 0x00000000d5580000)
  object space 344576K, 21% used [0x0000000080000000,0x0000000084901068,0x0000000095080000)
 Metaspace       used 62222K, committed 63616K, reserved 1114112K
  class space    used 6712K, committed 7296K, reserved 1048576K
}
Event: 71.349 GC heap before
{Heap before GC invocations=654 (full 3):
 PSYoungGen      total 2048K, used 1925K [0x00000000d5580000, 0x00000000d5880000, 0x0000000100000000)
  eden space 1024K, 99% used [0x00000000d5580000,0x00000000d567ffd8,0x00000000d5680000)
  from space 1024K, 88% used [0x00000000d5780000,0x00000000d58616a0,0x00000000d5880000)
  to   space 1024K, 0% used [0x00000000d5680000,0x00000000d5680000,0x00000000d5780000)
 ParOldGen       total 344576K, used 74756K [0x0000000080000000, 0x0000000095080000, 0x00000000d5580000)
  object space 344576K, 21% used [0x0000000080000000,0x0000000084901068,0x0000000095080000)
 Metaspace       used 62249K, committed 63680K, reserved 1114112K
  class space    used 6714K, committed 7296K, reserved 1048576K
}
Event: 71.351 GC heap after
{Heap after GC invocations=654 (full 3):
 PSYoungGen      total 2048K, used 787K [0x00000000d5580000, 0x00000000d5880000, 0x0000000100000000)
  eden space 1024K, 0% used [0x00000000d5580000,0x00000000d5580000,0x00000000d5680000)
  from space 1024K, 76% used [0x00000000d5680000,0x00000000d5744e00,0x00000000d5780000)
  to   space 1024K, 0% used [0x00000000d5780000,0x00000000d5780000,0x00000000d5880000)
 ParOldGen       total 344576K, used 75521K [0x0000000080000000, 0x0000000095080000, 0x00000000d5580000)
  object space 344576K, 21% used [0x0000000080000000,0x00000000849c0438,0x0000000095080000)
 Metaspace       used 62249K, committed 63680K, reserved 1114112K
  class space    used 6714K, committed 7296K, reserved 1048576K
}
Event: 71.381 GC heap before
{Heap before GC invocations=655 (full 3):
 PSYoungGen      total 2048K, used 1811K [0x00000000d5580000, 0x00000000d5880000, 0x0000000100000000)
  eden space 1024K, 99% used [0x00000000d5580000,0x00000000d567ffd8,0x00000000d5680000)
  from space 1024K, 76% used [0x00000000d5680000,0x00000000d5744e00,0x00000000d5780000)
  to   space 1024K, 0% used [0x00000000d5780000,0x00000000d5780000,0x00000000d5880000)
 ParOldGen       total 344576K, used 75521K [0x0000000080000000, 0x0000000095080000, 0x00000000d5580000)
  object space 344576K, 21% used [0x0000000080000000,0x00000000849c0438,0x0000000095080000)
 Metaspace       used 62285K, committed 63680K, reserved 1114112K
  class space    used 6716K, committed 7296K, reserved 1048576K
}
Event: 71.383 GC heap after
{Heap after GC invocations=655 (full 3):
 PSYoungGen      total 1536K, used 1006K [0x00000000d5580000, 0x00000000d5a80000, 0x0000000100000000)
  eden space 512K, 0% used [0x00000000d5580000,0x00000000d5580000,0x00000000d5600000)
  from space 1024K, 98% used [0x00000000d5780000,0x00000000d587b9c0,0x00000000d5880000)
  to   space 1536K, 0% used [0x00000000d5600000,0x00000000d5600000,0x00000000d5780000)
 ParOldGen       total 344576K, used 76142K [0x0000000080000000, 0x0000000095080000, 0x00000000d5580000)
  object space 344576K, 22% used [0x0000000080000000,0x0000000084a5baf8,0x0000000095080000)
 Metaspace       used 62285K, committed 63680K, reserved 1114112K
  class space    used 6716K, committed 7296K, reserved 1048576K
}
Event: 71.386 GC heap before
{Heap before GC invocations=656 (full 3):
 PSYoungGen      total 1536K, used 1518K [0x00000000d5580000, 0x00000000d5a80000, 0x0000000100000000)
  eden space 512K, 100% used [0x00000000d5580000,0x00000000d5600000,0x00000000d5600000)
  from space 1024K, 98% used [0x00000000d5780000,0x00000000d587b9c0,0x00000000d5880000)
  to   space 1536K, 0% used [0x00000000d5600000,0x00000000d5600000,0x00000000d5780000)
 ParOldGen       total 344576K, used 76142K [0x0000000080000000, 0x0000000095080000, 0x00000000d5580000)
  object space 344576K, 22% used [0x0000000080000000,0x0000000084a5baf8,0x0000000095080000)
 Metaspace       used 62291K, committed 63680K, reserved 1114112K
  class space    used 6717K, committed 7296K, reserved 1048576K
}
Event: 71.388 GC heap after
{Heap after GC invocations=656 (full 3):
 PSYoungGen      total 1024K, used 512K [0x00000000d5580000, 0x00000000d5800000, 0x0000000100000000)
  eden space 512K, 0% used [0x00000000d5580000,0x00000000d5580000,0x00000000d5600000)
  from space 512K, 100% used [0x00000000d5600000,0x00000000d5680000,0x00000000d5680000)
  to   space 1024K, 0% used [0x00000000d5700000,0x00000000d5700000,0x00000000d5800000)
 ParOldGen       total 344576K, used 77034K [0x0000000080000000, 0x0000000095080000, 0x00000000d5580000)
  object space 344576K, 22% used [0x0000000080000000,0x0000000084b3a928,0x0000000095080000)
 Metaspace       used 62291K, committed 63680K, reserved 1114112K
  class space    used 6717K, committed 7296K, reserved 1048576K
}
Event: 71.414 GC heap before
{Heap before GC invocations=657 (full 3):
 PSYoungGen      total 1024K, used 1023K [0x00000000d5580000, 0x00000000d5800000, 0x0000000100000000)
  eden space 512K, 99% used [0x00000000d5580000,0x00000000d55fffe8,0x00000000d5600000)
  from space 512K, 100% used [0x00000000d5600000,0x00000000d5680000,0x00000000d5680000)
  to   space 1024K, 0% used [0x00000000d5700000,0x00000000d5700000,0x00000000d5800000)
 ParOldGen       total 344576K, used 77034K [0x0000000080000000, 0x0000000095080000, 0x00000000d5580000)
  object space 344576K, 22% used [0x0000000080000000,0x0000000084b3a928,0x0000000095080000)
 Metaspace       used 62293K, committed 63680K, reserved 1114112K
  class space    used 6717K, committed 7296K, reserved 1048576K
}
Event: 71.416 GC heap after
{Heap after GC invocations=657 (full 3):
 PSYoungGen      total 1536K, used 544K [0x00000000d5580000, 0x00000000d5800000, 0x0000000100000000)
  eden space 512K, 0% used [0x00000000d5580000,0x00000000d5580000,0x00000000d5600000)
  from space 1024K, 53% used [0x00000000d5700000,0x00000000d5788000,0x00000000d5800000)
  to   space 1024K, 0% used [0x00000000d5600000,0x00000000d5600000,0x00000000d5700000)
 ParOldGen       total 344576K, used 77450K [0x0000000080000000, 0x0000000095080000, 0x00000000d5580000)
  object space 344576K, 22% used [0x0000000080000000,0x0000000084ba2928,0x0000000095080000)
 Metaspace       used 62293K, committed 63680K, reserved 1114112K
  class space    used 6717K, committed 7296K, reserved 1048576K
}
Event: 71.435 GC heap before
{Heap before GC invocations=658 (full 3):
 PSYoungGen      total 1536K, used 1055K [0x00000000d5580000, 0x00000000d5800000, 0x0000000100000000)
  eden space 512K, 99% used [0x00000000d5580000,0x00000000d55fffe0,0x00000000d5600000)
  from space 1024K, 53% used [0x00000000d5700000,0x00000000d5788000,0x00000000d5800000)
  to   space 1024K, 0% used [0x00000000d5600000,0x00000000d5600000,0x00000000d5700000)
 ParOldGen       total 344576K, used 77450K [0x0000000080000000, 0x0000000095080000, 0x00000000d5580000)
  object space 344576K, 22% used [0x0000000080000000,0x0000000084ba2928,0x0000000095080000)
 Metaspace       used 62298K, committed 63680K, reserved 1114112K
  class space    used 6718K, committed 7296K, reserved 1048576K
}
Event: 71.437 GC heap after
{Heap after GC invocations=658 (full 3):
 PSYoungGen      total 1536K, used 544K [0x00000000d5580000, 0x00000000d5800000, 0x0000000100000000)
  eden space 512K, 0% used [0x00000000d5580000,0x00000000d5580000,0x00000000d5600000)
  from space 1024K, 53% used [0x00000000d5600000,0x00000000d5688000,0x00000000d5700000)
  to   space 1024K, 0% used [0x00000000d5700000,0x00000000d5700000,0x00000000d5800000)
 ParOldGen       total 344576K, used 77867K [0x0000000080000000, 0x0000000095080000, 0x00000000d5580000)
  object space 344576K, 22% used [0x0000000080000000,0x0000000084c0ac00,0x0000000095080000)
 Metaspace       used 62298K, committed 63680K, reserved 1114112K
  class space    used 6718K, committed 7296K, reserved 1048576K
}
Event: 71.461 GC heap before
{Heap before GC invocations=659 (full 3):
 PSYoungGen      total 1536K, used 1055K [0x00000000d5580000, 0x00000000d5800000, 0x0000000100000000)
  eden space 512K, 99% used [0x00000000d5580000,0x00000000d55ffff0,0x00000000d5600000)
  from space 1024K, 53% used [0x00000000d5600000,0x00000000d5688000,0x00000000d5700000)
  to   space 1024K, 0% used [0x00000000d5700000,0x00000000d5700000,0x00000000d5800000)
 ParOldGen       total 344576K, used 77867K [0x0000000080000000, 0x0000000095080000, 0x00000000d5580000)
  object space 344576K, 22% used [0x0000000080000000,0x0000000084c0ac00,0x0000000095080000)
 Metaspace       used 62300K, committed 63680K, reserved 1114112K
  class space    used 6718K, committed 7296K, reserved 1048576K
}
Event: 71.463 GC heap after
{Heap after GC invocations=659 (full 3):
 PSYoungGen      total 1536K, used 512K [0x00000000d5580000, 0x00000000d5800000, 0x0000000100000000)
  eden space 512K, 0% used [0x00000000d5580000,0x00000000d5580000,0x00000000d5600000)
  from space 1024K, 50% used [0x00000000d5700000,0x00000000d5780000,0x00000000d5800000)
  to   space 1024K, 0% used [0x00000000d5600000,0x00000000d5600000,0x00000000d5700000)
 ParOldGen       total 344576K, used 78299K [0x0000000080000000, 0x0000000095080000, 0x00000000d5580000)
  object space 344576K, 22% used [0x0000000080000000,0x0000000084c76c00,0x0000000095080000)
 Metaspace       used 62300K, committed 63680K, reserved 1114112K
  class space    used 6718K, committed 7296K, reserved 1048576K
}
Event: 71.470 GC heap before
{Heap before GC invocations=660 (full 3):
 PSYoungGen      total 1536K, used 1023K [0x00000000d5580000, 0x00000000d5800000, 0x0000000100000000)
  eden space 512K, 99% used [0x00000000d5580000,0x00000000d55fffa8,0x00000000d5600000)
  from space 1024K, 50% used [0x00000000d5700000,0x00000000d5780000,0x00000000d5800000)
  to   space 1024K, 0% used [0x00000000d5600000,0x00000000d5600000,0x00000000d5700000)
 ParOldGen       total 344576K, used 78299K [0x0000000080000000, 0x0000000095080000, 0x00000000d5580000)
  object space 344576K, 22% used [0x0000000080000000,0x0000000084c76c00,0x0000000095080000)
 Metaspace       used 62300K, committed 63680K, reserved 1114112K
  class space    used 6718K, committed 7296K, reserved 1048576K
}
Event: 71.472 GC heap after
{Heap after GC invocations=660 (full 3):
 PSYoungGen      total 1536K, used 512K [0x00000000d5580000, 0x00000000d5800000, 0x0000000100000000)
  eden space 512K, 0% used [0x00000000d5580000,0x00000000d5580000,0x00000000d5600000)
  from space 1024K, 50% used [0x00000000d5600000,0x00000000d5680000,0x00000000d5700000)
  to   space 1024K, 0% used [0x00000000d5700000,0x00000000d5700000,0x00000000d5800000)
 ParOldGen       total 344576K, used 78699K [0x0000000080000000, 0x0000000095080000, 0x00000000d5580000)
  object space 344576K, 22% used [0x0000000080000000,0x0000000084cdac10,0x0000000095080000)
 Metaspace       used 62300K, committed 63680K, reserved 1114112K
  class space    used 6718K, committed 7296K, reserved 1048576K
}
Event: 71.492 GC heap before
{Heap before GC invocations=661 (full 3):
 PSYoungGen      total 1536K, used 1023K [0x00000000d5580000, 0x00000000d5800000, 0x0000000100000000)
  eden space 512K, 99% used [0x00000000d5580000,0x00000000d55fffd0,0x00000000d5600000)
  from space 1024K, 50% used [0x00000000d5600000,0x00000000d5680000,0x00000000d5700000)
  to   space 1024K, 0% used [0x00000000d5700000,0x00000000d5700000,0x00000000d5800000)
 ParOldGen       total 344576K, used 78699K [0x0000000080000000, 0x0000000095080000, 0x00000000d5580000)
  object space 344576K, 22% used [0x0000000080000000,0x0000000084cdac10,0x0000000095080000)
 Metaspace       used 62314K, committed 63744K, reserved 1114112K
  class space    used 6720K, committed 7296K, reserved 1048576K
}
Event: 71.493 GC heap after
{Heap after GC invocations=661 (full 3):
 PSYoungGen      total 1536K, used 480K [0x00000000d5580000, 0x00000000d5780000, 0x0000000100000000)
  eden space 1024K, 0% used [0x00000000d5580000,0x00000000d5580000,0x00000000d5680000)
  from space 512K, 93% used [0x00000000d5700000,0x00000000d5778000,0x00000000d5780000)
  to   space 512K, 0% used [0x00000000d5680000,0x00000000d5680000,0x00000000d5700000)
 ParOldGen       total 344576K, used 79131K [0x0000000080000000, 0x0000000095080000, 0x00000000d5580000)
  object space 344576K, 22% used [0x0000000080000000,0x0000000084d46c10,0x0000000095080000)
 Metaspace       used 62314K, committed 63744K, reserved 1114112K
  class space    used 6720K, committed 7296K, reserved 1048576K
}
Event: 71.523 GC heap before
{Heap before GC invocations=662 (full 3):
 PSYoungGen      total 1536K, used 1504K [0x00000000d5580000, 0x00000000d5780000, 0x0000000100000000)
  eden space 1024K, 100% used [0x00000000d5580000,0x00000000d5680000,0x00000000d5680000)
  from space 512K, 93% used [0x00000000d5700000,0x00000000d5778000,0x00000000d5780000)
  to   space 512K, 0% used [0x00000000d5680000,0x00000000d5680000,0x00000000d5700000)
 ParOldGen       total 344576K, used 79131K [0x0000000080000000, 0x0000000095080000, 0x00000000d5580000)
  object space 344576K, 22% used [0x0000000080000000,0x0000000084d46c10,0x0000000095080000)
 Metaspace       used 62320K, committed 63744K, reserved 1114112K
  class space    used 6722K, committed 7296K, reserved 1048576K
}
Event: 71.525 GC heap after
{Heap after GC invocations=662 (full 3):
 PSYoungGen      total 1536K, used 512K [0x00000000d5580000, 0x00000000d5780000, 0x0000000100000000)
  eden space 1024K, 0% used [0x00000000d5580000,0x00000000d5580000,0x00000000d5680000)
  from space 512K, 100% used [0x00000000d5680000,0x00000000d5700000,0x00000000d5700000)
  to   space 512K, 0% used [0x00000000d5700000,0x00000000d5700000,0x00000000d5780000)
 ParOldGen       total 344576K, used 79765K [0x0000000080000000, 0x0000000095080000, 0x00000000d5580000)
  object space 344576K, 23% used [0x0000000080000000,0x0000000084de56e8,0x0000000095080000)
 Metaspace       used 62320K, committed 63744K, reserved 1114112K
  class space    used 6722K, committed 7296K, reserved 1048576K
}

